Arguments: 
  /Users/danielmerrill/.nvm/versions/node/v16.10.0/bin/node /usr/local/Cellar/yarn/1.22.17/libexec/bin/yarn.js

PATH: 
  /Users/danielmerrill/.fastlane/bin:/Library/Java/JavaVirtualMachines/adoptopenjdk-11.jdk/Contents/Home/bin:/Users/danielmerrill/.nvm/versions/node/v16.10.0/bin:/Users/danielmerrill/bin:/usr/local/bin:/usr/local/bin:/usr/bin:/bin:/usr/sbin:/sbin:/Library/Apple/usr/bin:/Users/danielmerrill/Library/Android/sdk/emulator:/Users/danielmerrill/Library/Android/sdk/tools:/Users/danielmerrill/Library/Android/sdk/tools/bin:/Users/danielmerrill/Library/Android/sdk/platform-tools:/usr/local/opt/mysql/bin:/Users/danielmerrill/esp/xtensa-esp32-elf/bin:/Users/danielmerrill/go/bin:/usr/local/opt/go/bin:/usr/local/opt/mosquitto/sbin:/Users/danielmerrill/Library/Python/3.7/bin

Yarn version: 
  1.22.17

Node version: 
  16.10.0

Platform: 
  darwin x64

Trace: 
  SyntaxError: /Users/danielmerrill/dev/kinetic-ui/package.json: Unexpected token } in JSON at position 466
      at JSON.parse (<anonymous>)
      at /usr/local/Cellar/yarn/1.22.17/libexec/lib/cli.js:1625:59
      at Generator.next (<anonymous>)
      at step (/usr/local/Cellar/yarn/1.22.17/libexec/lib/cli.js:310:30)
      at /usr/local/Cellar/yarn/1.22.17/libexec/lib/cli.js:321:13

npm manifest: 
  {
    "main": "node_modules/expo/AppEntry.js",
    "scripts": {
      "start": "expo start",
      "android": "expo start --android",
      "ios": "expo start --ios",
      "eject": "expo eject"
    },
    "dependencies": {
      "@react-native-community/masked-view": "^0.1.11",
      "expo": "^44.0.0",
      "expo-linear-gradient": "~11.0.0",
      "react": "17.0.1",
      "react-native": "0.64.3",
      "react-native-gesture-handler": "~2.1.0",
      "react-native-reanimated": "~2.3.1",
    },
    "devDependencies": {
      "@types/react": "~17.0.21",
      "@types/react-native": "~0.64.12",
      "babel-preset-expo": "9.0.1",
      "typescript": "~4.3.5"
    },
    "private": true
  }

yarn manifest: 
  No manifest

Lockfile: 
  No lockfile
